Base path: 'C:/Program Files/Unity 2020.3.25f1/Editor/Data', plugins path 'C:/Program Files/Unity 2020.3.25f1/Editor/Data/PlaybackEngines'
Cmd: initializeCompiler

Cmd: compileSnippet
  insize=9721 file=Packages/com.unity.render-pipelines.universal/Shaders/PostProcessing/Hidden/Universal Render Pipeline/UberPost pass=UberPost cachingPP=1 ppOnly=0 stripLineD=0 buildPlatform=9 rsLen=0 pKW=UNITY_NO_DXT5nm UNITY_ENABLE_REFLECTION_BUFFERS UNITY_NO_SCREENSPACE_SHADOWS UNITY_PBS_USE_BRDF2 UNITY_COLORSPACE_GAMMA UNITY_LIGHTMAP_DLDR_ENCODING uKW= dKW=_USE_DRAW_PROCEDURAL _DISTORTION _CHROMATIC_ABERRATION _BLOOM_LQ _BLOOM_HQ _BLOOM_LQ_DIRT _BLOOM_HQ_DIRT _HDR_GRADING _TONEMAP_ACES _TONEMAP_NEUTRAL _FILM_GRAIN _DITHERING _LINEAR_TO_SRGB_CONVERSION UNITY_ENABLE_NATIVE_SHADOW_LOOKUPS UNITY_METAL_SHADOWS_USE_POINT_FILTERING UNITY_USE_DITHER_MASK_FOR_ALPHABLENDED_SHADOWS UNITY_PBS_USE_BRDF1 UNITY_PBS_USE_BRDF3 UNITY_NO_FULL_STANDARD_SHADER UNITY_SPECCUBE_BOX_PROJECTION UNITY_SPECCUBE_BLENDING UNITY_ENABLE_DETAIL_NORMALMAP UNITY_HARDWARE_TIER1 UNITY_HARDWARE_TIER2 UNITY_HARDWARE_TIER3 UNITY_LIGHT_PROBE_PROXY_VOLUME UNITY_HALF_PRECISION_FRAGMENT_SHADER_REGISTERS UNITY_LIGHTMAP_RGBM_ENCODING UNITY_LIGHTMAP_FULL_HDR UNITY_VIRTUAL_TEXTURING UNITY_PRETRANSFORM_TO_DISPLAY_ORIENTATION UNITY_ASTC_NORMALMAP_ENCODING SHADER_API_GLES30 flags=0 lang=3 type=Fragment platform=d3d11 reqs=33 mask=6 start=236 ok=1 outsize=2958

Cmd: compileComputeKernel
  insize=3240 file=C:/Users/Ian/Repo-BadSmitten/PopLockAndDropIt/MittenBad/Library/PackageCache/com.unity.postprocessing@3.2.2/PostProcessing/Shaders/Builtins/ExposureHistogram.compute kernel=KEyeHistogram cachingPP=1 ppOnly=0 stripLineD=0 buildPlatform=9 km=<UNITY_VERSION=202039> pKW=UNITY_NO_DXT5nm UNITY_NO_RGBM UNITY_ENABLE_REFLECTION_BUFFERS UNITY_FRAMEBUFFER_FETCH_AVAILABLE UNITY_NO_SCREENSPACE_SHADOWS UNITY_PBS_USE_BRDF2 SHADER_API_MOBILE UNITY_COLORSPACE_GAMMA UNITY_LIGHTMAP_DLDR_ENCODING uKW=SHADER_STAGE_COMPUTE platform=metal flags=268439552 ok=1 outsize=3298

Cmd: compileComputeKernel
  insize=3444 file=C:/Users/Ian/Repo-BadSmitten/PopLockAndDropIt/MittenBad/Library/PackageCache/com.unity.postprocessing@3.2.2/PostProcessing/Shaders/Builtins/MultiScaleVODownsample1.compute kernel=MultiScaleVODownsample1_MSAA cachingPP=1 ppOnly=0 stripLineD=0 buildPlatform=9 km=<main=MultiScaleVODownsample1_MSAA>,<MSAA=1>,<UNITY_VERSION=202039> pKW=UNITY_NO_DXT5nm UNITY_ENABLE_REFLECTION_BUFFERS UNITY_NO_SCREENSPACE_SHADOWS UNITY_PBS_USE_BRDF2 UNITY_COLORSPACE_GAMMA UNITY_LIGHTMAP_DLDR_ENCODING uKW=SHADER_STAGE_COMPUTE platform=d3d11 flags=0 ok=1 outsize=2622

Cmd: compileComputeKernel
  insize=10925 file=C:/Users/Ian/Repo-BadSmitten/PopLockAndDropIt/MittenBad/Library/PackageCache/com.unity.postprocessing@3.2.2/PostProcessing/Shaders/Builtins/MultiScaleVORender.compute kernel=MultiScaleVORender cachingPP=1 ppOnly=0 stripLineD=0 buildPlatform=9 km=<MAIN=MultiScaleVORender>,<UNITY_VERSION=202039> pKW=UNITY_NO_DXT5nm UNITY_NO_RGBM UNITY_ENABLE_REFLECTION_BUFFERS UNITY_FRAMEBUFFER_FETCH_AVAILABLE UNITY_NO_SCREENSPACE_SHADOWS UNITY_PBS_USE_BRDF2 SHADER_API_MOBILE UNITY_COLORSPACE_GAMMA UNITY_LIGHTMAP_DLDR_ENCODING uKW=SHADER_STAGE_COMPUTE platform=metal flags=268439552 ok=1 outsize=18387

Cmd: compileComputeKernel
  insize=1224 file=C:/Users/Ian/Repo-BadSmitten/PopLockAndDropIt/MittenBad/Library/PackageCache/com.unity.postprocessing@3.2.2/PostProcessing/Shaders/Builtins/Texture3DLerp.compute kernel=KTexture3DLerpToColor cachingPP=1 ppOnly=0 stripLineD=0 buildPlatform=9 km=<UNITY_VERSION=202039> pKW=UNITY_NO_DXT5nm UNITY_NO_RGBM UNITY_ENABLE_REFLECTION_BUFFERS UNITY_FRAMEBUFFER_FETCH_AVAILABLE UNITY_NO_SCREENSPACE_SHADOWS UNITY_PBS_USE_BRDF2 SHADER_API_MOBILE UNITY_COLORSPACE_GAMMA UNITY_LIGHTMAP_DLDR_ENCODING uKW=SHADER_STAGE_COMPUTE platform=metal flags=268439552 ok=1 outsize=1418

Cmd: compileComputeKernel
  insize=18315 file=C:/Users/Ian/Repo-BadSmitten/PopLockAndDropIt/MittenBad/Library/PackageCache/com.unity.postprocessing@3.2.2/PostProcessing/Shaders/Builtins/MultiScaleVOUpsample.compute kernel=MultiScaleVOUpSample_MSAA_blendout cachingPP=1 ppOnly=0 stripLineD=0 buildPlatform=9 km=<MAIN=MultiScaleVOUpSample_MSAA_blendout>,<MSAA=1>,<BLEND_WITH_HIGHER_RESOLUTION=1>,<UNITY_VERSION=202039> pKW=UNITY_NO_DXT5nm UNITY_ENABLE_REFLECTION_BUFFERS UNITY_NO_SCREENSPACE_SHADOWS UNITY_PBS_USE_BRDF2 UNITY_COLORSPACE_GAMMA UNITY_LIGHTMAP_DLDR_ENCODING uKW=SHADER_STAGE_COMPUTE platform=d3d11 flags=0 ok=1 outsize=10507

Cmd: compileComputeKernel
  insize=18315 file=C:/Users/Ian/Repo-BadSmitten/PopLockAndDropIt/MittenBad/Library/PackageCache/com.unity.postprocessing@3.2.2/PostProcessing/Shaders/Builtins/MultiScaleVOUpsample.compute kernel=MultiScaleVOUpSample_MSAA_premin cachingPP=1 ppOnly=0 stripLineD=0 buildPlatform=9 km=<MAIN=MultiScaleVOUpSample_MSAA_premin>,<MSAA=1>,<COMBINE_LOWER_RESOLUTIONS=1>,<UNITY_VERSION=202039> pKW=UNITY_NO_DXT5nm UNITY_NO_RGBM UNITY_ENABLE_REFLECTION_BUFFERS UNITY_FRAMEBUFFER_FETCH_AVAILABLE UNITY_NO_SCREENSPACE_SHADOWS UNITY_PBS_USE_BRDF2 SHADER_API_MOBILE UNITY_COLORSPACE_GAMMA UNITY_LIGHTMAP_DLDR_ENCODING uKW=SHADER_STAGE_COMPUTE platform=metal flags=268439552 ok=1 outsize=24761

Cmd: compileComputeKernel
  insize=3184 file=C:/Users/Ian/Repo-BadSmitten/PopLockAndDropIt/MittenBad/Library/PackageCache/com.unity.postprocessing@3.2.2/PostProcessing/Shaders/Builtins/AutoExposure.compute kernel=KAutoExposureAvgLuminance_fixed cachingPP=1 ppOnly=0 stripLineD=0 buildPlatform=9 km=<MAIN=KAutoExposureAvgLuminance_fixed>,<UNITY_VERSION=202039> pKW=UNITY_NO_DXT5nm UNITY_NO_RGBM UNITY_ENABLE_REFLECTION_BUFFERS UNITY_FRAMEBUFFER_FETCH_AVAILABLE UNITY_NO_SCREENSPACE_SHADOWS UNITY_PBS_USE_BRDF2 SHADER_API_MOBILE UNITY_COLORSPACE_GAMMA UNITY_LIGHTMAP_DLDR_ENCODING uKW=SHADER_STAGE_COMPUTE platform=metal flags=268439552 ok=1 outsize=85172

Cmd: shutdown

Quitting shader compiler process
